2018-03-13 08:17:18,505 INFO:log_namespace.TextAnalyzer Rules Transform URL: 
2018-03-13 08:17:18,505 INFO:log_namespace.TextAnalyzer []
2018-03-13 08:17:21,589 INFO:log_namespace.TextAnalyzer Format Text
2018-03-13 08:17:21,589 DEBUG:log_namespace.TextAnalyzer Consultant - Developer
2018-03-13 08:17:21,589 DEBUG:log_namespace.TextAnalyzer {'initText': None, 'tipo': 'text'}
2018-03-13 08:17:21,610 INFO:log_namespace.TextAnalyzer Format Text
2018-03-13 08:17:21,610 DEBUG:log_namespace.TextAnalyzer 
2018-03-13 08:17:21,610 DEBUG:log_namespace.TextAnalyzer {'initText': None, 'tipo': 'text'}
2018-03-13 08:17:21,630 INFO:log_namespace.TextAnalyzer Format Text
2018-03-13 08:17:21,630 DEBUG:log_namespace.TextAnalyzer 
2018-03-13 08:17:21,630 DEBUG:log_namespace.TextAnalyzer {'initText': None, 'tipo': 'text'}
2018-03-13 08:17:21,650 INFO:log_namespace.TextAnalyzer Format Text
2018-03-13 08:17:21,650 DEBUG:log_namespace.TextAnalyzer 
2018-03-13 08:17:21,650 DEBUG:log_namespace.TextAnalyzer {u'tipo': u'fecha-dif'}
2018-03-13 08:17:21,650 INFO:log_namespace.TextAnalyzer Decrease_Date
2018-03-13 08:17:21,650 DEBUG:log_namespace.TextAnalyzer 
2018-03-13 08:17:21,669 INFO:log_namespace.TextAnalyzer Format Text
2018-03-13 08:17:21,669 DEBUG:log_namespace.TextAnalyzer 
2018-03-13 08:17:21,670 DEBUG:log_namespace.TextAnalyzer {'initText': None, 'tipo': 'text'}
2018-03-13 08:17:21,670 INFO:log_namespace.TextAnalyzer Rules Transform after Selenium
2018-03-13 08:17:21,670 INFO:log_namespace.TextAnalyzer [{u'action': u'SPACES', u'valueIn': u'Destaca en lo que haces, Consultor - Cient\xedfico de Datos - Scrum Master', u'out': u'titulo', u'in': u'titulo'}, {u'action': u'COPY', u'valueIn': u'', u'out': u'company', u'valueOut': u'<NO DEFINIDA>', u'in': u'company'}]
2018-03-13 08:17:21,670 DEBUG:log_namespace.TextAnalyzer Rule Unique Transform after Selenium
2018-03-13 08:17:21,670 DEBUG:log_namespace.TextAnalyzer Destaca en lo que haces, Consultor - Científico de Datos - Scrum Master
2018-03-13 08:17:21,670 DEBUG:log_namespace.TextAnalyzer Consultant - Developer
2018-03-13 08:17:21,670 DEBUG:log_namespace.TextAnalyzer Rule Unique Transform after Selenium
2018-03-13 08:17:21,670 DEBUG:log_namespace.TextAnalyzer 
2018-03-13 08:17:21,670 DEBUG:log_namespace.TextAnalyzer 
2018-03-13 08:17:21,670 DEBUG:log_namespace.TextAnalyzer COPY
2018-03-13 08:17:21,670 DEBUG:log_namespace.TextAnalyzer company
2018-03-13 08:17:21,670 DEBUG:log_namespace.TextAnalyzer <NO DEFINIDA>
2018-03-13 08:17:21,670 DEBUG:log_namespace.TextAnalyzer {'control': 'REVIEW', 'newCorreoUrl': {u'titulo': 'Consultant - Developer', u'fecha': datetime.datetime(2018, 3, 13, 8, 17, 21, 650320), u'donde': '', u'company': u'<NO DEFINIDA>', u'summary': ''}, 'urlOk': u'https://www.linkedin.com/comm/in/albertoggago?midToken=3DAQF6sbeyCrMTqg&amp;trk=3Deml-email_job_alert_single_02-header-25-profile&amp;trkEmail=3Deml-email_job_alert_single_02-header-25-profile-null-1j0q1v%7Ejep7k7dk%7Ey3-null-neptune%2Fprofile%7Evanity%2Eview&amp;lipi=3Durn%3Ali%3Apage%3Aemail_email_job_alert_single_02%3BQ0zNBkMsS6mbC8%2BBzahSrQ%3D%3D', 'page': u'linkedin'}
2018-03-13 08:17:21,670 INFO:log_namespace.TextAnalyzer Rules Review Data
2018-03-13 08:17:21,670 INFO:log_namespace.TextAnalyzer [u'titulo', u'donde', u'summary', u'company']
